0 info it worked if it ends with ok
1 verbose cli [ 'node', '/usr/local/bin/npm', 'install', 'node-uuid' ]
2 info using npm@1.4.14
3 info using node@v0.10.29
4 verbose cache add [ 'node-uuid', null ]
5 verbose cache add name=undefined spec="node-uuid" args=["node-uuid",null]
6 verbose parsed url { protocol: null,
6 verbose parsed url   slashes: null,
6 verbose parsed url   auth: null,
6 verbose parsed url   host: null,
6 verbose parsed url   port: null,
6 verbose parsed url   hostname: null,
6 verbose parsed url   hash: null,
6 verbose parsed url   search: null,
6 verbose parsed url   query: null,
6 verbose parsed url   pathname: 'node-uuid',
6 verbose parsed url   path: 'node-uuid',
6 verbose parsed url   href: 'node-uuid' }
7 silly lockFile b284863e-node-uuid node-uuid
8 verbose lock node-uuid /Users/mann/.npm/b284863e-node-uuid.lock
9 silly lockFile b284863e-node-uuid node-uuid
10 silly lockFile b284863e-node-uuid node-uuid
11 verbose addNamed [ 'node-uuid', '' ]
12 verbose addNamed [ null, '*' ]
13 silly lockFile b4eb10d7-node-uuid node-uuid@
14 verbose lock node-uuid@ /Users/mann/.npm/b4eb10d7-node-uuid.lock
15 silly addNameRange { name: 'node-uuid', range: '*', hasData: false }
16 verbose url raw node-uuid
17 verbose url resolving [ 'https://registry.npmjs.org/', './node-uuid' ]
18 verbose url resolved https://registry.npmjs.org/node-uuid
19 info trying registry request attempt 1 at 10:05:46
20 verbose etag "6C0HA6PRM4MQ893RD301SYLG3"
21 http GET https://registry.npmjs.org/node-uuid
22 http 200 https://registry.npmjs.org/node-uuid
23 silly registry.get cb [ 200,
23 silly registry.get   { date: 'Fri, 27 Mar 2015 03:05:46 GMT',
23 silly registry.get     server: 'CouchDB/1.5.0 (Erlang OTP/R16B03)',
23 silly registry.get     etag: '"20KUF9RZ2R1ENBILJRRHHQ6I9"',
23 silly registry.get     'content-type': 'application/json',
23 silly registry.get     'cache-control': 'max-age=60',
23 silly registry.get     'content-length': '19082',
23 silly registry.get     'accept-ranges': 'bytes',
23 silly registry.get     via: '1.1 varnish',
23 silly registry.get     age: '0',
23 silly registry.get     'x-served-by': 'cache-hkg6824-HKG',
23 silly registry.get     'x-cache': 'HIT',
23 silly registry.get     'x-cache-hits': '2',
23 silly registry.get     'x-timer': 'S1427425546.794448,VS0,VE0',
23 silly registry.get     vary: 'Accept',
23 silly registry.get     'keep-alive': 'timeout=10, max=50',
23 silly registry.get     connection: 'Keep-Alive' } ]
24 silly addNameRange number 2 { name: 'node-uuid', range: '*', hasData: true }
25 silly addNameRange versions [ 'node-uuid',
25 silly addNameRange   [ '1.2.0',
25 silly addNameRange     '1.3.0',
25 silly addNameRange     '1.3.1',
25 silly addNameRange     '1.3.2',
25 silly addNameRange     '1.1.0',
25 silly addNameRange     '1.0.0',
25 silly addNameRange     '1.3.3',
25 silly addNameRange     '1.4.0',
25 silly addNameRange     '1.4.1',
25 silly addNameRange     '1.4.2',
25 silly addNameRange     '1.4.3' ] ]
26 verbose addNamed [ 'node-uuid', '1.4.3' ]
27 verbose addNamed [ '1.4.3', '1.4.3' ]
28 silly lockFile 032f5ce0-node-uuid-1-4-3 node-uuid@1.4.3
29 verbose lock node-uuid@1.4.3 /Users/mann/.npm/032f5ce0-node-uuid-1-4-3.lock
30 silly lockFile b6522286-rg-node-uuid-node-uuid-1-4-3-tgz https://registry.npmjs.org/node-uuid/-/node-uuid-1.4.3.tgz
31 verbose lock https://registry.npmjs.org/node-uuid/-/node-uuid-1.4.3.tgz /Users/mann/.npm/b6522286-rg-node-uuid-node-uuid-1-4-3-tgz.lock
32 verbose addRemoteTarball [ 'https://registry.npmjs.org/node-uuid/-/node-uuid-1.4.3.tgz',
32 verbose addRemoteTarball   '319bb7a56e7cb63f00b5c0cd7851cd4b4ddf1df9' ]
33 info retry fetch attempt 1 at 10:05:47
34 verbose fetch to= /var/folders/xm/n7qvv2w55yjfbcx23cqt4dlr0000gn/T/npm-1109-Q2_8LYwo/registry.npmjs.org/node-uuid/-/node-uuid-1.4.3.tgz
35 http GET https://registry.npmjs.org/node-uuid/-/node-uuid-1.4.3.tgz
36 http 200 https://registry.npmjs.org/node-uuid/-/node-uuid-1.4.3.tgz
37 silly lockFile b6522286-rg-node-uuid-node-uuid-1-4-3-tgz https://registry.npmjs.org/node-uuid/-/node-uuid-1.4.3.tgz
38 silly lockFile b6522286-rg-node-uuid-node-uuid-1-4-3-tgz https://registry.npmjs.org/node-uuid/-/node-uuid-1.4.3.tgz
39 silly lockFile 032f5ce0-node-uuid-1-4-3 node-uuid@1.4.3
40 silly lockFile 032f5ce0-node-uuid-1-4-3 node-uuid@1.4.3
41 silly lockFile b4eb10d7-node-uuid node-uuid@
42 silly lockFile b4eb10d7-node-uuid node-uuid@
43 error Error: EACCES, mkdir '/Users/mann/.npm/node-uuid/1.4.3'
43 error  { [Error: EACCES, mkdir '/Users/mann/.npm/node-uuid/1.4.3']
43 error   errno: 3,
43 error   code: 'EACCES',
43 error   path: '/Users/mann/.npm/node-uuid/1.4.3' }
44 error Please try running this command again as root/Administrator.
45 error System Darwin 14.1.0
46 error command "node" "/usr/local/bin/npm" "install" "node-uuid"
47 error cwd /Users/mann/instedd/resourcemap-mobile
48 error node -v v0.10.29
49 error npm -v 1.4.14
50 error path /Users/mann/.npm/node-uuid/1.4.3
51 error code EACCES
52 error errno 3
53 error stack Error: EACCES, mkdir '/Users/mann/.npm/node-uuid/1.4.3'
54 verbose exit [ 3, true ]
